<getinfo>
  <project>094692261598</project>
  <region>ap-southeast-1</region>
  <date>20250619</date>
  <time>11:01</time>
  <requirement>3.6.1 - Key Protection Procedures</requirement>
  <evidence>
    <key id="64236ba1-d2d1-49d9-845a-f72e48454ad4" name="test-key-01">
      <state>Enabled</state>
      <usage>ENCRYPT_DECRYPT</usage>
      <spec>SYMMETRIC_DEFAULT</spec>
      <origin>AWS_KMS</origin>
      <created>20211024 06:43</created>
      <expiration_model>N/A</expiration_model>
      <policy>
        <wildcard_principal>no</wildcard_principal>
        <condition>yes</condition>
        <admin_use_separated>no</admin_use_separated>
      </policy>
      <activity>
        <cloudtrail_event_count>50</cloudtrail_event_count>
      </activity>
      <rotation>False</rotation>
    </key>
  </evidence>
</getinfo>
